INFO [acme.Launcher] Starting Launcher using Java 1.8.0_281 on DESKTOP-87FOBAA with PID 7072 (D:\AAUniversidad_II-IS\Tercero\Segundo cuatrimestre\DP2\Workspace-21.1\Projects\Acme-Endeavours\target\classes started by sergi in D:\AAUniversidad_II-IS\Tercero\Segundo cuatrimestre\DP2\Workspace-21.1\Projects\Acme-Endeavours)
INFO [acme.Launcher] The following profiles are active: development,populator
INFO [acme.Launcher] Started Launcher in 16.153 seconds (JVM running for 18.644)
INFO [acme.framework.utilities.DatabasePopulator] Populating sample data
INFO [acme.framework.utilities.DatabasePopulator] Recreating schema
INFO [acme.framework.utilities.DatabasePopulator] Populating entities from classpath:/WEB-INF/population/initial-data.xml
INFO [acme.framework.utilities.DatabasePopulator] Validating your entities.
INFO [acme.framework.utilities.DatabasePopulator] Validating anonymousUserAccount ... PASS
INFO [acme.framework.utilities.DatabasePopulator] Validating anonymousAnonymous ... PASS
INFO [acme.framework.utilities.DatabasePopulator] Validating administratorUserAccount ... PASS
INFO [acme.framework.utilities.DatabasePopulator] Validating administratorAdministrator ... PASS
INFO [acme.framework.utilities.DatabasePopulator] Validating administratorAuthenticated ... PASS
INFO [acme.framework.utilities.DatabasePopulator] Validating configuration ... PASS
INFO [acme.framework.utilities.DatabasePopulator] Sorting your entities topologically.
INFO [acme.framework.utilities.DatabasePopulator] > Setting index 0 for anonymousUserAccount.
INFO [acme.framework.utilities.DatabasePopulator] > Setting index 1 for anonymousAnonymous.
INFO [acme.framework.utilities.DatabasePopulator] > Setting index 2 for administratorUserAccount.
INFO [acme.framework.utilities.DatabasePopulator] > Setting index 3 for administratorAdministrator.
INFO [acme.framework.utilities.DatabasePopulator] > Setting index 4 for administratorAuthenticated.
INFO [acme.framework.utilities.DatabasePopulator] > Setting index 5 for configuration.
INFO [acme.framework.utilities.DatabasePopulator] Persiting your entities.
INFO [acme.framework.utilities.DatabasePopulator] > Persisting anonymousUserAccount = acme.framework.entities.UserAccount{id=1, version=0}
INFO [acme.framework.utilities.DatabasePopulator] > Persisting anonymousAnonymous = acme.framework.entities.Anonymous{id=2, version=0}
INFO [acme.framework.utilities.DatabasePopulator] > Persisting administratorUserAccount = acme.framework.entities.UserAccount{id=3, version=0}
INFO [acme.framework.utilities.DatabasePopulator] > Persisting administratorAdministrator = acme.framework.entities.Administrator{id=4, version=0}
INFO [acme.framework.utilities.DatabasePopulator] > Persisting administratorAuthenticated = acme.framework.entities.Authenticated{id=5, version=0}
INFO [acme.framework.utilities.DatabasePopulator] > Persisting configuration = acme.entities.configuration.Configuration{id=6, version=0}
INFO [acme.framework.utilities.DatabasePopulator] Populating entities from classpath:/WEB-INF/population/sample-data.xml
INFO [acme.framework.utilities.DatabasePopulator] Validating your entities.
INFO [acme.framework.utilities.DatabasePopulator] Validating shout01 ... PASS
INFO [acme.framework.utilities.DatabasePopulator] Validating shout02 ... PASS
INFO [acme.framework.utilities.DatabasePopulator] Validating shout03 ... PASS
INFO [acme.framework.utilities.DatabasePopulator] Validating shout04 ... PASS
INFO [acme.framework.utilities.DatabasePopulator] Validating shout05 ... PASS
INFO [acme.framework.utilities.DatabasePopulator] Validating shout06 ... PASS
INFO [acme.framework.utilities.DatabasePopulator] Validating shout07 ... PASS
INFO [acme.framework.utilities.DatabasePopulator] Validating shout08 ... PASS
INFO [acme.framework.utilities.DatabasePopulator] Validating managerUserAccount ... PASS
INFO [acme.framework.utilities.DatabasePopulator] Validating managerManager ... PASS
INFO [acme.framework.utilities.DatabasePopulator] Validating managerAuthenticated ... PASS
INFO [acme.framework.utilities.DatabasePopulator] Validating managerUserAccount1 ... PASS
INFO [acme.framework.utilities.DatabasePopulator] Validating manager1Manager ... PASS
INFO [acme.framework.utilities.DatabasePopulator] Validating manager1Authenticated ... PASS
INFO [acme.framework.utilities.DatabasePopulator] Validating task01 ... PASS
INFO [acme.framework.utilities.DatabasePopulator] Validating task02 ... PASS
INFO [acme.framework.utilities.DatabasePopulator] Validating task03 ... PASS
INFO [acme.framework.utilities.DatabasePopulator] Validating task04 ... PASS
INFO [acme.framework.utilities.DatabasePopulator] Validating task05 ... PASS
INFO [acme.framework.utilities.DatabasePopulator] Validating task06 ... PASS
INFO [acme.framework.utilities.DatabasePopulator] Validating task07 ... PASS
INFO [acme.framework.utilities.DatabasePopulator] Validating task08 ... PASS
INFO [acme.framework.utilities.DatabasePopulator] Validating task09 ... PASS
INFO [acme.framework.utilities.DatabasePopulator] Validating task10 ... PASS
INFO [acme.framework.utilities.DatabasePopulator] Validating task11 ... PASS
INFO [acme.framework.utilities.DatabasePopulator] Validating task12 ... PASS
INFO [acme.framework.utilities.DatabasePopulator] Validating task13 ... PASS
INFO [acme.framework.utilities.DatabasePopulator] Validating task14 ... PASS
INFO [acme.framework.utilities.DatabasePopulator] Validating task15 ... PASS
INFO [acme.framework.utilities.DatabasePopulator] Validating task16 ... PASS
INFO [acme.framework.utilities.DatabasePopulator] Validating task17 ... PASS
INFO [acme.framework.utilities.DatabasePopulator] Validating task18 ... PASS
INFO [acme.framework.utilities.DatabasePopulator] Sorting your entities topologically.
INFO [acme.framework.utilities.DatabasePopulator] > Setting index 0 for shout01.
INFO [acme.framework.utilities.DatabasePopulator] > Setting index 1 for shout02.
INFO [acme.framework.utilities.DatabasePopulator] > Setting index 2 for shout03.
INFO [acme.framework.utilities.DatabasePopulator] > Setting index 3 for shout04.
INFO [acme.framework.utilities.DatabasePopulator] > Setting index 4 for shout05.
INFO [acme.framework.utilities.DatabasePopulator] > Setting index 5 for shout06.
INFO [acme.framework.utilities.DatabasePopulator] > Setting index 6 for shout07.
INFO [acme.framework.utilities.DatabasePopulator] > Setting index 7 for shout08.
INFO [acme.framework.utilities.DatabasePopulator] > Setting index 8 for managerUserAccount.
INFO [acme.framework.utilities.DatabasePopulator] > Setting index 9 for managerManager.
INFO [acme.framework.utilities.DatabasePopulator] > Setting index 10 for managerAuthenticated.
INFO [acme.framework.utilities.DatabasePopulator] > Setting index 11 for managerUserAccount1.
INFO [acme.framework.utilities.DatabasePopulator] > Setting index 12 for manager1Manager.
INFO [acme.framework.utilities.DatabasePopulator] > Setting index 13 for manager1Authenticated.
INFO [acme.framework.utilities.DatabasePopulator] > Setting index 14 for task01.
INFO [acme.framework.utilities.DatabasePopulator] > Setting index 15 for task02.
INFO [acme.framework.utilities.DatabasePopulator] > Setting index 16 for task03.
INFO [acme.framework.utilities.DatabasePopulator] > Setting index 17 for task04.
INFO [acme.framework.utilities.DatabasePopulator] > Setting index 18 for task05.
INFO [acme.framework.utilities.DatabasePopulator] > Setting index 19 for task06.
INFO [acme.framework.utilities.DatabasePopulator] > Setting index 20 for task07.
INFO [acme.framework.utilities.DatabasePopulator] > Setting index 21 for task08.
INFO [acme.framework.utilities.DatabasePopulator] > Setting index 22 for task09.
INFO [acme.framework.utilities.DatabasePopulator] > Setting index 23 for task10.
INFO [acme.framework.utilities.DatabasePopulator] > Setting index 24 for task11.
INFO [acme.framework.utilities.DatabasePopulator] > Setting index 25 for task12.
INFO [acme.framework.utilities.DatabasePopulator] > Setting index 26 for task13.
INFO [acme.framework.utilities.DatabasePopulator] > Setting index 27 for task14.
INFO [acme.framework.utilities.DatabasePopulator] > Setting index 28 for task15.
INFO [acme.framework.utilities.DatabasePopulator] > Setting index 29 for task16.
INFO [acme.framework.utilities.DatabasePopulator] > Setting index 30 for task17.
INFO [acme.framework.utilities.DatabasePopulator] > Setting index 31 for task18.
INFO [acme.framework.utilities.DatabasePopulator] Persiting your entities.
INFO [acme.framework.utilities.DatabasePopulator] > Persisting shout01 = acme.entities.shouts.Shout{id=7, version=0}
INFO [acme.framework.utilities.DatabasePopulator] > Persisting shout02 = acme.entities.shouts.Shout{id=8, version=0}
INFO [acme.framework.utilities.DatabasePopulator] > Persisting shout03 = acme.entities.shouts.Shout{id=9, version=0}
INFO [acme.framework.utilities.DatabasePopulator] > Persisting shout04 = acme.entities.shouts.Shout{id=10, version=0}
INFO [acme.framework.utilities.DatabasePopulator] > Persisting shout05 = acme.entities.shouts.Shout{id=11, version=0}
INFO [acme.framework.utilities.DatabasePopulator] > Persisting shout06 = acme.entities.shouts.Shout{id=12, version=0}
INFO [acme.framework.utilities.DatabasePopulator] > Persisting shout07 = acme.entities.shouts.Shout{id=13, version=0}
INFO [acme.framework.utilities.DatabasePopulator] > Persisting shout08 = acme.entities.shouts.Shout{id=14, version=0}
INFO [acme.framework.utilities.DatabasePopulator] > Persisting managerUserAccount = acme.framework.entities.UserAccount{id=15, version=0}
INFO [acme.framework.utilities.DatabasePopulator] > Persisting managerManager = acme.framework.entities.Manager{id=16, version=0}
INFO [acme.framework.utilities.DatabasePopulator] > Persisting managerAuthenticated = acme.framework.entities.Authenticated{id=17, version=0}
INFO [acme.framework.utilities.DatabasePopulator] > Persisting managerUserAccount1 = acme.framework.entities.UserAccount{id=18, version=0}
INFO [acme.framework.utilities.DatabasePopulator] > Persisting manager1Manager = acme.framework.entities.Manager{id=19, version=0}
INFO [acme.framework.utilities.DatabasePopulator] > Persisting manager1Authenticated = acme.framework.entities.Authenticated{id=20, version=0}
INFO [acme.framework.utilities.DatabasePopulator] > Persisting task01 = acme.entities.tasks.Task{id=21, version=0}
INFO [acme.framework.utilities.DatabasePopulator] > Persisting task02 = acme.entities.tasks.Task{id=22, version=0}
INFO [acme.framework.utilities.DatabasePopulator] > Persisting task03 = acme.entities.tasks.Task{id=23, version=0}
INFO [acme.framework.utilities.DatabasePopulator] > Persisting task04 = acme.entities.tasks.Task{id=24, version=0}
INFO [acme.framework.utilities.DatabasePopulator] > Persisting task05 = acme.entities.tasks.Task{id=25, version=0}
INFO [acme.framework.utilities.DatabasePopulator] > Persisting task06 = acme.entities.tasks.Task{id=26, version=0}
INFO [acme.framework.utilities.DatabasePopulator] > Persisting task07 = acme.entities.tasks.Task{id=27, version=0}
INFO [acme.framework.utilities.DatabasePopulator] > Persisting task08 = acme.entities.tasks.Task{id=28, version=0}
INFO [acme.framework.utilities.DatabasePopulator] > Persisting task09 = acme.entities.tasks.Task{id=29, version=0}
INFO [acme.framework.utilities.DatabasePopulator] > Persisting task10 = acme.entities.tasks.Task{id=30, version=0}
INFO [acme.framework.utilities.DatabasePopulator] > Persisting task11 = acme.entities.tasks.Task{id=31, version=0}
INFO [acme.framework.utilities.DatabasePopulator] > Persisting task12 = acme.entities.tasks.Task{id=32, version=0}
INFO [acme.framework.utilities.DatabasePopulator] > Persisting task13 = acme.entities.tasks.Task{id=33, version=0}
INFO [acme.framework.utilities.DatabasePopulator] > Persisting task14 = acme.entities.tasks.Task{id=34, version=0}
INFO [acme.framework.utilities.DatabasePopulator] > Persisting task15 = acme.entities.tasks.Task{id=35, version=0}
INFO [acme.framework.utilities.DatabasePopulator] > Persisting task16 = acme.entities.tasks.Task{id=36, version=0}
INFO [acme.framework.utilities.DatabasePopulator] > Persisting task17 = acme.entities.tasks.Task{id=37, version=0}
INFO [acme.framework.utilities.DatabasePopulator] > Persisting task18 = acme.entities.tasks.Task{id=38, version=0}
INFO [acme.framework.configuration.ShutdownConfiguration] The system is shutting down...
INFO [acme.Launcher] Starting Launcher using Java 1.8.0_281 on DESKTOP-87FOBAA with PID 3696 (D:\AAUniversidad_II-IS\Tercero\Segundo cuatrimestre\DP2\Workspace-21.1\Projects\Acme-Endeavours\target\classes started by sergi in D:\AAUniversidad_II-IS\Tercero\Segundo cuatrimestre\DP2\Workspace-21.1\Projects\Acme-Endeavours)
INFO [acme.Launcher] The following profiles are active: development,populator
INFO [acme.Launcher] Started Launcher in 7.23 seconds (JVM running for 7.876)
INFO [acme.framework.utilities.DatabasePopulator] Populating sample data
INFO [acme.framework.utilities.DatabasePopulator] Recreating schema
INFO [acme.framework.utilities.DatabasePopulator] Populating entities from classpath:/WEB-INF/population/initial-data.xml
INFO [acme.framework.utilities.DatabasePopulator] Validating your entities.
INFO [acme.framework.utilities.DatabasePopulator] Validating anonymousUserAccount ... PASS
INFO [acme.framework.utilities.DatabasePopulator] Validating anonymousAnonymous ... PASS
INFO [acme.framework.utilities.DatabasePopulator] Validating administratorUserAccount ... PASS
INFO [acme.framework.utilities.DatabasePopulator] Validating administratorAdministrator ... PASS
INFO [acme.framework.utilities.DatabasePopulator] Validating administratorAuthenticated ... PASS
INFO [acme.framework.utilities.DatabasePopulator] Validating configuration ... PASS
INFO [acme.framework.utilities.DatabasePopulator] Sorting your entities topologically.
INFO [acme.framework.utilities.DatabasePopulator] > Setting index 0 for anonymousUserAccount.
INFO [acme.framework.utilities.DatabasePopulator] > Setting index 1 for anonymousAnonymous.
INFO [acme.framework.utilities.DatabasePopulator] > Setting index 2 for administratorUserAccount.
INFO [acme.framework.utilities.DatabasePopulator] > Setting index 3 for administratorAdministrator.
INFO [acme.framework.utilities.DatabasePopulator] > Setting index 4 for administratorAuthenticated.
INFO [acme.framework.utilities.DatabasePopulator] > Setting index 5 for configuration.
INFO [acme.framework.utilities.DatabasePopulator] Persiting your entities.
INFO [acme.framework.utilities.DatabasePopulator] > Persisting anonymousUserAccount = acme.framework.entities.UserAccount{id=1, version=0}
INFO [acme.framework.utilities.DatabasePopulator] > Persisting anonymousAnonymous = acme.framework.entities.Anonymous{id=2, version=0}
INFO [acme.framework.utilities.DatabasePopulator] > Persisting administratorUserAccount = acme.framework.entities.UserAccount{id=3, version=0}
INFO [acme.framework.utilities.DatabasePopulator] > Persisting administratorAdministrator = acme.framework.entities.Administrator{id=4, version=0}
INFO [acme.framework.utilities.DatabasePopulator] > Persisting administratorAuthenticated = acme.framework.entities.Authenticated{id=5, version=0}
INFO [acme.framework.utilities.DatabasePopulator] > Persisting configuration = acme.entities.configuration.Configuration{id=6, version=0}
INFO [acme.framework.utilities.DatabasePopulator] Populating entities from classpath:/WEB-INF/population/sample-data.xml
INFO [acme.framework.utilities.DatabasePopulator] Validating your entities.
INFO [acme.framework.utilities.DatabasePopulator] Validating shout01 ... FAILED
INFO [acme.framework.utilities.DatabasePopulator] Violated constraints on entity shout01: moment : Must be in the past
INFO [acme.framework.configuration.ShutdownConfiguration] The system is shutting down...
INFO [acme.Launcher] Starting Launcher using Java 1.8.0_281 on DESKTOP-87FOBAA with PID 600 (D:\AAUniversidad_II-IS\Tercero\Segundo cuatrimestre\DP2\Workspace-21.1\Projects\Acme-Endeavours\target\classes started by sergi in D:\AAUniversidad_II-IS\Tercero\Segundo cuatrimestre\DP2\Workspace-21.1\Projects\Acme-Endeavours)
INFO [acme.Launcher] The following profiles are active: development,populator
INFO [acme.Launcher] Started Launcher in 7.106 seconds (JVM running for 7.786)
INFO [acme.framework.utilities.DatabasePopulator] Populating sample data
INFO [acme.framework.utilities.DatabasePopulator] Recreating schema
INFO [acme.framework.utilities.DatabasePopulator] Populating entities from classpath:/WEB-INF/population/initial-data.xml
INFO [acme.framework.utilities.DatabasePopulator] Validating your entities.
INFO [acme.framework.utilities.DatabasePopulator] Validating anonymousUserAccount ... PASS
INFO [acme.framework.utilities.DatabasePopulator] Validating anonymousAnonymous ... PASS
INFO [acme.framework.utilities.DatabasePopulator] Validating administratorUserAccount ... PASS
INFO [acme.framework.utilities.DatabasePopulator] Validating administratorAdministrator ... PASS
INFO [acme.framework.utilities.DatabasePopulator] Validating administratorAuthenticated ... PASS
INFO [acme.framework.utilities.DatabasePopulator] Validating configuration ... PASS
INFO [acme.framework.utilities.DatabasePopulator] Sorting your entities topologically.
INFO [acme.framework.utilities.DatabasePopulator] > Setting index 0 for anonymousUserAccount.
INFO [acme.framework.utilities.DatabasePopulator] > Setting index 1 for anonymousAnonymous.
INFO [acme.framework.utilities.DatabasePopulator] > Setting index 2 for administratorUserAccount.
INFO [acme.framework.utilities.DatabasePopulator] > Setting index 3 for administratorAdministrator.
INFO [acme.framework.utilities.DatabasePopulator] > Setting index 4 for administratorAuthenticated.
INFO [acme.framework.utilities.DatabasePopulator] > Setting index 5 for configuration.
INFO [acme.framework.utilities.DatabasePopulator] Persiting your entities.
INFO [acme.framework.utilities.DatabasePopulator] > Persisting anonymousUserAccount = acme.framework.entities.UserAccount{id=1, version=0}
INFO [acme.framework.utilities.DatabasePopulator] > Persisting anonymousAnonymous = acme.framework.entities.Anonymous{id=2, version=0}
INFO [acme.framework.utilities.DatabasePopulator] > Persisting administratorUserAccount = acme.framework.entities.UserAccount{id=3, version=0}
INFO [acme.framework.utilities.DatabasePopulator] > Persisting administratorAdministrator = acme.framework.entities.Administrator{id=4, version=0}
INFO [acme.framework.utilities.DatabasePopulator] > Persisting administratorAuthenticated = acme.framework.entities.Authenticated{id=5, version=0}
INFO [acme.framework.utilities.DatabasePopulator] > Persisting configuration = acme.entities.configuration.Configuration{id=6, version=0}
INFO [acme.framework.utilities.DatabasePopulator] Populating entities from classpath:/WEB-INF/population/sample-data.xml
INFO [acme.framework.utilities.DatabasePopulator] Validating your entities.
INFO [acme.framework.utilities.DatabasePopulator] Validating shout01 ... PASS
INFO [acme.framework.utilities.DatabasePopulator] Validating shout02 ... PASS
INFO [acme.framework.utilities.DatabasePopulator] Validating shout03 ... PASS
INFO [acme.framework.utilities.DatabasePopulator] Validating shout04 ... PASS
INFO [acme.framework.utilities.DatabasePopulator] Validating shout05 ... PASS
INFO [acme.framework.utilities.DatabasePopulator] Validating shout06 ... PASS
INFO [acme.framework.utilities.DatabasePopulator] Validating shout07 ... FAILED
INFO [acme.framework.utilities.DatabasePopulator] Violated constraints on entity shout07: moment : Must be in the past
INFO [acme.framework.configuration.ShutdownConfiguration] The system is shutting down...
INFO [acme.Launcher] Starting Launcher using Java 1.8.0_281 on DESKTOP-87FOBAA with PID 10112 (D:\AAUniversidad_II-IS\Tercero\Segundo cuatrimestre\DP2\Workspace-21.1\Projects\Acme-Endeavours\target\classes started by sergi in D:\AAUniversidad_II-IS\Tercero\Segundo cuatrimestre\DP2\Workspace-21.1\Projects\Acme-Endeavours)
INFO [acme.Launcher] The following profiles are active: development,populator
INFO [acme.Launcher] Started Launcher in 6.3 seconds (JVM running for 6.929)
INFO [acme.framework.utilities.DatabasePopulator] Populating sample data
INFO [acme.framework.utilities.DatabasePopulator] Recreating schema
INFO [acme.framework.utilities.DatabasePopulator] Populating entities from classpath:/WEB-INF/population/initial-data.xml
INFO [acme.framework.utilities.DatabasePopulator] Validating your entities.
INFO [acme.framework.utilities.DatabasePopulator] Validating anonymousUserAccount ... PASS
INFO [acme.framework.utilities.DatabasePopulator] Validating anonymousAnonymous ... PASS
INFO [acme.framework.utilities.DatabasePopulator] Validating administratorUserAccount ... PASS
INFO [acme.framework.utilities.DatabasePopulator] Validating administratorAdministrator ... PASS
INFO [acme.framework.utilities.DatabasePopulator] Validating administratorAuthenticated ... PASS
INFO [acme.framework.utilities.DatabasePopulator] Validating configuration ... PASS
INFO [acme.framework.utilities.DatabasePopulator] Sorting your entities topologically.
INFO [acme.framework.utilities.DatabasePopulator] > Setting index 0 for anonymousUserAccount.
INFO [acme.framework.utilities.DatabasePopulator] > Setting index 1 for anonymousAnonymous.
INFO [acme.framework.utilities.DatabasePopulator] > Setting index 2 for administratorUserAccount.
INFO [acme.framework.utilities.DatabasePopulator] > Setting index 3 for administratorAdministrator.
INFO [acme.framework.utilities.DatabasePopulator] > Setting index 4 for administratorAuthenticated.
INFO [acme.framework.utilities.DatabasePopulator] > Setting index 5 for configuration.
INFO [acme.framework.utilities.DatabasePopulator] Persiting your entities.
INFO [acme.framework.utilities.DatabasePopulator] > Persisting anonymousUserAccount = acme.framework.entities.UserAccount{id=1, version=0}
INFO [acme.framework.utilities.DatabasePopulator] > Persisting anonymousAnonymous = acme.framework.entities.Anonymous{id=2, version=0}
INFO [acme.framework.utilities.DatabasePopulator] > Persisting administratorUserAccount = acme.framework.entities.UserAccount{id=3, version=0}
INFO [acme.framework.utilities.DatabasePopulator] > Persisting administratorAdministrator = acme.framework.entities.Administrator{id=4, version=0}
INFO [acme.framework.utilities.DatabasePopulator] > Persisting administratorAuthenticated = acme.framework.entities.Authenticated{id=5, version=0}
INFO [acme.framework.utilities.DatabasePopulator] > Persisting configuration = acme.entities.configuration.Configuration{id=6, version=0}
INFO [acme.framework.utilities.DatabasePopulator] Populating entities from classpath:/WEB-INF/population/sample-data.xml
INFO [acme.framework.utilities.DatabasePopulator] Validating your entities.
INFO [acme.framework.utilities.DatabasePopulator] Validating shout01 ... PASS
INFO [acme.framework.utilities.DatabasePopulator] Validating shout02 ... PASS
INFO [acme.framework.utilities.DatabasePopulator] Validating shout03 ... PASS
INFO [acme.framework.utilities.DatabasePopulator] Validating shout04 ... PASS
INFO [acme.framework.utilities.DatabasePopulator] Validating shout05 ... PASS
INFO [acme.framework.utilities.DatabasePopulator] Validating shout06 ... PASS
INFO [acme.framework.utilities.DatabasePopulator] Validating shout07 ... PASS
INFO [acme.framework.utilities.DatabasePopulator] Validating shout08 ... PASS
INFO [acme.framework.utilities.DatabasePopulator] Validating managerUserAccount ... PASS
INFO [acme.framework.utilities.DatabasePopulator] Validating managerManager ... PASS
INFO [acme.framework.utilities.DatabasePopulator] Validating managerAuthenticated ... PASS
INFO [acme.framework.utilities.DatabasePopulator] Validating managerUserAccount1 ... PASS
INFO [acme.framework.utilities.DatabasePopulator] Validating manager1Manager ... PASS
INFO [acme.framework.utilities.DatabasePopulator] Validating manager1Authenticated ... PASS
INFO [acme.framework.utilities.DatabasePopulator] Validating task01 ... PASS
INFO [acme.framework.utilities.DatabasePopulator] Validating task02 ... PASS
INFO [acme.framework.utilities.DatabasePopulator] Validating task03 ... PASS
INFO [acme.framework.utilities.DatabasePopulator] Validating task04 ... PASS
INFO [acme.framework.utilities.DatabasePopulator] Validating task05 ... PASS
INFO [acme.framework.utilities.DatabasePopulator] Validating task06 ... PASS
INFO [acme.framework.utilities.DatabasePopulator] Validating task07 ... PASS
INFO [acme.framework.utilities.DatabasePopulator] Validating task08 ... PASS
INFO [acme.framework.utilities.DatabasePopulator] Validating task09 ... PASS
INFO [acme.framework.utilities.DatabasePopulator] Validating task10 ... PASS
INFO [acme.framework.utilities.DatabasePopulator] Validating task11 ... PASS
INFO [acme.framework.utilities.DatabasePopulator] Validating task12 ... PASS
INFO [acme.framework.utilities.DatabasePopulator] Validating task13 ... PASS
INFO [acme.framework.utilities.DatabasePopulator] Validating task14 ... PASS
INFO [acme.framework.utilities.DatabasePopulator] Validating task15 ... PASS
INFO [acme.framework.utilities.DatabasePopulator] Validating task16 ... PASS
INFO [acme.framework.utilities.DatabasePopulator] Validating task17 ... PASS
INFO [acme.framework.utilities.DatabasePopulator] Validating task18 ... PASS
INFO [acme.framework.utilities.DatabasePopulator] Sorting your entities topologically.
INFO [acme.framework.utilities.DatabasePopulator] > Setting index 0 for shout01.
INFO [acme.framework.utilities.DatabasePopulator] > Setting index 1 for shout02.
INFO [acme.framework.utilities.DatabasePopulator] > Setting index 2 for shout03.
INFO [acme.framework.utilities.DatabasePopulator] > Setting index 3 for shout04.
INFO [acme.framework.utilities.DatabasePopulator] > Setting index 4 for shout05.
INFO [acme.framework.utilities.DatabasePopulator] > Setting index 5 for shout06.
INFO [acme.framework.utilities.DatabasePopulator] > Setting index 6 for shout07.
INFO [acme.framework.utilities.DatabasePopulator] > Setting index 7 for shout08.
INFO [acme.framework.utilities.DatabasePopulator] > Setting index 8 for managerUserAccount.
INFO [acme.framework.utilities.DatabasePopulator] > Setting index 9 for managerManager.
INFO [acme.framework.utilities.DatabasePopulator] > Setting index 10 for managerAuthenticated.
INFO [acme.framework.utilities.DatabasePopulator] > Setting index 11 for managerUserAccount1.
INFO [acme.framework.utilities.DatabasePopulator] > Setting index 12 for manager1Manager.
INFO [acme.framework.utilities.DatabasePopulator] > Setting index 13 for manager1Authenticated.
INFO [acme.framework.utilities.DatabasePopulator] > Setting index 14 for task01.
INFO [acme.framework.utilities.DatabasePopulator] > Setting index 15 for task02.
INFO [acme.framework.utilities.DatabasePopulator] > Setting index 16 for task03.
INFO [acme.framework.utilities.DatabasePopulator] > Setting index 17 for task04.
INFO [acme.framework.utilities.DatabasePopulator] > Setting index 18 for task05.
INFO [acme.framework.utilities.DatabasePopulator] > Setting index 19 for task06.
INFO [acme.framework.utilities.DatabasePopulator] > Setting index 20 for task07.
INFO [acme.framework.utilities.DatabasePopulator] > Setting index 21 for task08.
INFO [acme.framework.utilities.DatabasePopulator] > Setting index 22 for task09.
INFO [acme.framework.utilities.DatabasePopulator] > Setting index 23 for task10.
INFO [acme.framework.utilities.DatabasePopulator] > Setting index 24 for task11.
INFO [acme.framework.utilities.DatabasePopulator] > Setting index 25 for task12.
INFO [acme.framework.utilities.DatabasePopulator] > Setting index 26 for task13.
INFO [acme.framework.utilities.DatabasePopulator] > Setting index 27 for task14.
INFO [acme.framework.utilities.DatabasePopulator] > Setting index 28 for task15.
INFO [acme.framework.utilities.DatabasePopulator] > Setting index 29 for task16.
INFO [acme.framework.utilities.DatabasePopulator] > Setting index 30 for task17.
INFO [acme.framework.utilities.DatabasePopulator] > Setting index 31 for task18.
INFO [acme.framework.utilities.DatabasePopulator] Persiting your entities.
INFO [acme.framework.utilities.DatabasePopulator] > Persisting shout01 = acme.entities.shouts.Shout{id=7, version=0}
INFO [acme.framework.utilities.DatabasePopulator] > Persisting shout02 = acme.entities.shouts.Shout{id=8, version=0}
INFO [acme.framework.utilities.DatabasePopulator] > Persisting shout03 = acme.entities.shouts.Shout{id=9, version=0}
INFO [acme.framework.utilities.DatabasePopulator] > Persisting shout04 = acme.entities.shouts.Shout{id=10, version=0}
INFO [acme.framework.utilities.DatabasePopulator] > Persisting shout05 = acme.entities.shouts.Shout{id=11, version=0}
INFO [acme.framework.utilities.DatabasePopulator] > Persisting shout06 = acme.entities.shouts.Shout{id=12, version=0}
INFO [acme.framework.utilities.DatabasePopulator] > Persisting shout07 = acme.entities.shouts.Shout{id=13, version=0}
INFO [acme.framework.utilities.DatabasePopulator] > Persisting shout08 = acme.entities.shouts.Shout{id=14, version=0}
INFO [acme.framework.utilities.DatabasePopulator] > Persisting managerUserAccount = acme.framework.entities.UserAccount{id=15, version=0}
INFO [acme.framework.utilities.DatabasePopulator] > Persisting managerManager = acme.framework.entities.Manager{id=16, version=0}
INFO [acme.framework.utilities.DatabasePopulator] > Persisting managerAuthenticated = acme.framework.entities.Authenticated{id=17, version=0}
INFO [acme.framework.utilities.DatabasePopulator] > Persisting managerUserAccount1 = acme.framework.entities.UserAccount{id=18, version=0}
INFO [acme.framework.utilities.DatabasePopulator] > Persisting manager1Manager = acme.framework.entities.Manager{id=19, version=0}
INFO [acme.framework.utilities.DatabasePopulator] > Persisting manager1Authenticated = acme.framework.entities.Authenticated{id=20, version=0}
INFO [acme.framework.utilities.DatabasePopulator] > Persisting task01 = acme.entities.tasks.Task{id=21, version=0}
INFO [acme.framework.utilities.DatabasePopulator] > Persisting task02 = acme.entities.tasks.Task{id=22, version=0}
INFO [acme.framework.utilities.DatabasePopulator] > Persisting task03 = acme.entities.tasks.Task{id=23, version=0}
INFO [acme.framework.utilities.DatabasePopulator] > Persisting task04 = acme.entities.tasks.Task{id=24, version=0}
INFO [acme.framework.utilities.DatabasePopulator] > Persisting task05 = acme.entities.tasks.Task{id=25, version=0}
INFO [acme.framework.utilities.DatabasePopulator] > Persisting task06 = acme.entities.tasks.Task{id=26, version=0}
INFO [acme.framework.utilities.DatabasePopulator] > Persisting task07 = acme.entities.tasks.Task{id=27, version=0}
INFO [acme.framework.utilities.DatabasePopulator] > Persisting task08 = acme.entities.tasks.Task{id=28, version=0}
INFO [acme.framework.utilities.DatabasePopulator] > Persisting task09 = acme.entities.tasks.Task{id=29, version=0}
INFO [acme.framework.utilities.DatabasePopulator] > Persisting task10 = acme.entities.tasks.Task{id=30, version=0}
INFO [acme.framework.utilities.DatabasePopulator] > Persisting task11 = acme.entities.tasks.Task{id=31, version=0}
INFO [acme.framework.utilities.DatabasePopulator] > Persisting task12 = acme.entities.tasks.Task{id=32, version=0}
INFO [acme.framework.utilities.DatabasePopulator] > Persisting task13 = acme.entities.tasks.Task{id=33, version=0}
INFO [acme.framework.utilities.DatabasePopulator] > Persisting task14 = acme.entities.tasks.Task{id=34, version=0}
INFO [acme.framework.utilities.DatabasePopulator] > Persisting task15 = acme.entities.tasks.Task{id=35, version=0}
INFO [acme.framework.utilities.DatabasePopulator] > Persisting task16 = acme.entities.tasks.Task{id=36, version=0}
INFO [acme.framework.utilities.DatabasePopulator] > Persisting task17 = acme.entities.tasks.Task{id=37, version=0}
INFO [acme.framework.utilities.DatabasePopulator] > Persisting task18 = acme.entities.tasks.Task{id=38, version=0}
INFO [acme.framework.configuration.ShutdownConfiguration] The system is shutting down...
